

***********************************************************************
Fatal NI connect error 12500, connecting to:
 (DESCRIPTION=(ADDRESS=(PROTOCOL=TCP)(HOST=192.168.2.186)(PORT=1521))(CONNECT_DATA=(SERVICE_NAME=ZJLH)(CID=(PROGRAM=e:\项目\704项目\DataManage\Debug\DataManage.exe)(HOST=GSKENING-CD43FD)(USER=Administrator))))

  VERSION INFORMATION:
	TNS for 32-bit Windows: Version 9.2.0.1.0 - Production
	Windows NT TCP/IP NT Protocol Adapter for 32-bit Windows: Version 9.2.0.1.0 - Production
  Time: 08-10月-2016 16:34:38
  Tracing not turned on.
  Tns error struct:
    nr err code: 0
    ns main err code: 12564
    TNS-12564: TNS：拒绝连接
    ns secondary err code: 0
    nt main err code: 0
    nt secondary err code: 0
    nt OS err code: 0


***********************************************************************
Fatal NI connect error 12560, connecting to:
 (DESCRIPTION=(ADDRESS=(PROTOCOL=TCP)(HOST=192.168.2.186)(PORT=1521))(CONNECT_DATA=(SERVICE_NAME=ZJLH)(CID=(PROGRAM=e:\项目\704项目\DataManage\Debug\DataManage.exe)(HOST=GSKENING-CD43FD)(USER=Administrator))))

  VERSION INFORMATION:
	TNS for 32-bit Windows: Version 9.2.0.1.0 - Production
	Windows NT TCP/IP NT Protocol Adapter for 32-bit Windows: Version 9.2.0.1.0 - Production
  Time: 08-11月-2016 09:12:11
  Tracing not turned on.
  Tns error struct:
    nr err code: 0
    ns main err code: 12560
    TNS-12560: TNS: 协议适配器错误
    ns secondary err code: 0
    nt main err code: 538
    TNS-00538: Message 538 not found;  product=NETWORK; facility=TNS

    nt secondary err code: 65
    nt OS err code: 0


***********************************************************************
Fatal NI connect error 12500, connecting to:
 (DESCRIPTION=(ADDRESS=(PROTOCOL=TCP)(HOST=192.168.2.186)(PORT=1521))(CONNECT_DATA=(SERVICE_NAME=ZJLH)(CID=(PROGRAM=c:\704_JH\DataManage\Debug\DataManage.exe)(HOST=GSKENING-CD43FD)(USER=Administrator))))

  VERSION INFORMATION:
	TNS for 32-bit Windows: Version 9.2.0.1.0 - Production
	Windows NT TCP/IP NT Protocol Adapter for 32-bit Windows: Version 9.2.0.1.0 - Production
  Time: 09-11月-2016 09:40:55
  Tracing not turned on.
  Tns error struct:
    nr err code: 0
    ns main err code: 12564
    TNS-12564: TNS：拒绝连接
    ns secondary err code: 0
    nt main err code: 0
    nt secondary err code: 0
    nt OS err code: 0


***********************************************************************
Fatal NI connect error 12500, connecting to:
 (DESCRIPTION=(ADDRESS=(PROTOCOL=TCP)(HOST=192.168.2.186)(PORT=1521))(CONNECT_DATA=(SERVICE_NAME=ZJLH)(CID=(PROGRAM=c:\704_JH\DataManage\Debug\DataManage.exe)(HOST=GSKENING-CD43FD)(USER=Administrator))))

  VERSION INFORMATION:
	TNS for 32-bit Windows: Version 9.2.0.1.0 - Production
	Windows NT TCP/IP NT Protocol Adapter for 32-bit Windows: Version 9.2.0.1.0 - Production
  Time: 06-12月-2016 16:49:04
  Tracing not turned on.
  Tns error struct:
    nr err code: 0
    ns main err code: 12564
    TNS-12564: TNS：拒绝连接
    ns secondary err code: 0
    nt main err code: 0
    nt secondary err code: 0
    nt OS err code: 0


***********************************************************************
Fatal NI connect error 12560, connecting to:
 (DESCRIPTION=(ADDRESS=(PROTOCOL=TCP)(HOST=192.168.2.186)(PORT=1521))(CONNECT_DATA=(SERVICE_NAME=ZJLH)(CID=(PROGRAM=c:\704_JH\DataManage\Debug\DataManage.exe)(HOST=GSKENING-CD43FD)(USER=Administrator))))

  VERSION INFORMATION:
	TNS for 32-bit Windows: Version 9.2.0.1.0 - Production
	Windows NT TCP/IP NT Protocol Adapter for 32-bit Windows: Version 9.2.0.1.0 - Production
  Time: 09-1月 -2017 11:43:50
  Tracing not turned on.
  Tns error struct:
    nr err code: 0
    ns main err code: 12560
    TNS-12560: TNS: 协议适配器错误
    ns secondary err code: 0
    nt main err code: 538
    TNS-00538: Message 538 not found;  product=NETWORK; facility=TNS

    nt secondary err code: 65
    nt OS err code: 0


***********************************************************************
Fatal NI connect error 12500, connecting to:
 (DESCRIPTION=(ADDRESS=(PROTOCOL=TCP)(HOST=192.168.2.186)(PORT=1521))(CONNECT_DATA=(SERVICE_NAME=ZJLH)(CID=(PROGRAM=c:\704_JH\DataManage\Release\DataManage.exe)(HOST=GSKENING-CD43FD)(USER=Administrator))))

  VERSION INFORMATION:
	TNS for 32-bit Windows: Version 9.2.0.1.0 - Production
	Windows NT TCP/IP NT Protocol Adapter for 32-bit Windows: Version 9.2.0.1.0 - Production
  Time: 12-1月 -2017 10:00:15
  Tracing not turned on.
  Tns error struct:
    nr err code: 0
    ns main err code: 12564
    TNS-12564: TNS：拒绝连接
    ns secondary err code: 0
    nt main err code: 0
    nt secondary err code: 0
    nt OS err code: 0


***********************************************************************
Fatal NI connect error 12500, connecting to:
 (DESCRIPTION=(ADDRESS=(PROTOCOL=TCP)(HOST=192.168.2.186)(PORT=1521))(CONNECT_DATA=(SERVICE_NAME=ZJLH)(CID=(PROGRAM=c:\704_JH\DataManage\Release\DataManage.exe)(HOST=GSKENING-CD43FD)(USER=Administrator))))

  VERSION INFORMATION:
	TNS for 32-bit Windows: Version 9.2.0.1.0 - Production
	Windows NT TCP/IP NT Protocol Adapter for 32-bit Windows: Version 9.2.0.1.0 - Production
  Time: 12-1月 -2017 10:07:37
  Tracing not turned on.
  Tns error struct:
    nr err code: 0
    ns main err code: 12564
    TNS-12564: TNS：拒绝连接
    ns secondary err code: 0
    nt main err code: 0
    nt secondary err code: 0
    nt OS err code: 0


***********************************************************************
Fatal NI connect error 12500, connecting to:
 (DESCRIPTION=(ADDRESS=(PROTOCOL=TCP)(HOST=192.168.2.186)(PORT=1521))(CONNECT_DATA=(SERVICE_NAME=ZJLH)(CID=(PROGRAM=c:\704_JH\DataManage\Release\DataManage.exe)(HOST=GSKENING-CD43FD)(USER=Administrator))))

  VERSION INFORMATION:
	TNS for 32-bit Windows: Version 9.2.0.1.0 - Production
	Windows NT TCP/IP NT Protocol Adapter for 32-bit Windows: Version 9.2.0.1.0 - Production
  Time: 12-1月 -2017 10:21:59
  Tracing not turned on.
  Tns error struct:
    nr err code: 0
    ns main err code: 12564
    TNS-12564: TNS：拒绝连接
    ns secondary err code: 0
    nt main err code: 0
    nt secondary err code: 0
    nt OS err code: 0


***********************************************************************
Fatal NI connect error 12500, connecting to:
 (DESCRIPTION=(ADDRESS=(PROTOCOL=TCP)(HOST=192.168.2.186)(PORT=1521))(CONNECT_DATA=(SERVICE_NAME=ZJLH)(CID=(PROGRAM=c:\704_JH\DataManage\Release\DataManage.exe)(HOST=GSKENING-CD43FD)(USER=Administrator))))

  VERSION INFORMATION:
	TNS for 32-bit Windows: Version 9.2.0.1.0 - Production
	Windows NT TCP/IP NT Protocol Adapter for 32-bit Windows: Version 9.2.0.1.0 - Production
  Time: 12-1月 -2017 10:27:22
  Tracing not turned on.
  Tns error struct:
    nr err code: 0
    ns main err code: 12564
    TNS-12564: TNS：拒绝连接
    ns secondary err code: 0
    nt main err code: 0
    nt secondary err code: 0
    nt OS err code: 0


***********************************************************************
Fatal NI connect error 12500, connecting to:
 (DESCRIPTION=(ADDRESS=(PROTOCOL=TCP)(HOST=192.168.2.186)(PORT=1521))(CONNECT_DATA=(SERVICE_NAME=ZJLH)(CID=(PROGRAM=c:\704_JH\DataManage\Debug\DataManage.exe)(HOST=GSKENING-CD43FD)(USER=Administrator))))

  VERSION INFORMATION:
	TNS for 32-bit Windows: Version 9.2.0.1.0 - Production
	Windows NT TCP/IP NT Protocol Adapter for 32-bit Windows: Version 9.2.0.1.0 - Production
  Time: 07-2月 -2017 09:29:01
  Tracing not turned on.
  Tns error struct:
    nr err code: 0
    ns main err code: 12564
    TNS-12564: TNS：拒绝连接
    ns secondary err code: 0
    nt main err code: 0
    nt secondary err code: 0
    nt OS err code: 0


***********************************************************************
Fatal NI connect error 12560, connecting to:
 (DESCRIPTION=(ADDRESS=(PROTOCOL=TCP)(HOST=192.168.2.186)(PORT=1521))(CONNECT_DATA=(SERVICE_NAME=ZJLH)(CID=(PROGRAM=c:\704_JH\DataManage\Debug\DataManage.exe)(HOST=GSKENING-CD43FD)(USER=Administrator))))

  VERSION INFORMATION:
	TNS for 32-bit Windows: Version 9.2.0.1.0 - Production
	Windows NT TCP/IP NT Protocol Adapter for 32-bit Windows: Version 9.2.0.1.0 - Production
  Time: 20-2月 -2017 17:37:33
  Tracing not turned on.
  Tns error struct:
    nr err code: 0
    ns main err code: 12560
    TNS-12560: TNS: 协议适配器错误
    ns secondary err code: 0
    nt main err code: 538
    TNS-00538: Message 538 not found;  product=NETWORK; facility=TNS

    nt secondary err code: 65
    nt OS err code: 0


***********************************************************************
Fatal NI connect error 12500, connecting to:
 (DESCRIPTION=(ADDRESS=(PROTOCOL=TCP)(HOST=192.168.2.186)(PORT=1521))(CONNECT_DATA=(SERVICE_NAME=ZJLH)(CID=(PROGRAM=c:\704_JH\DataManage\Debug\DataManage.exe)(HOST=GSKENING-CD43FD)(USER=Administrator))))

  VERSION INFORMATION:
	TNS for 32-bit Windows: Version 9.2.0.1.0 - Production
	Windows NT TCP/IP NT Protocol Adapter for 32-bit Windows: Version 9.2.0.1.0 - Production
  Time: 21-2月 -2017 09:12:00
  Tracing not turned on.
  Tns error struct:
    nr err code: 0
    ns main err code: 12564
    TNS-12564: TNS：拒绝连接
    ns secondary err code: 0
    nt main err code: 0
    nt secondary err code: 0
    nt OS err code: 0


***********************************************************************
Fatal NI connect error 12500, connecting to:
 (DESCRIPTION=(ADDRESS=(PROTOCOL=TCP)(HOST=192.168.2.186)(PORT=1521))(CONNECT_DATA=(SERVICE_NAME=ZJLH)(CID=(PROGRAM=c:\704_JH\DataManage\Debug\DataManage.exe)(HOST=GSKENING-CD43FD)(USER=Administrator))))

  VERSION INFORMATION:
	TNS for 32-bit Windows: Version 9.2.0.1.0 - Production
	Windows NT TCP/IP NT Protocol Adapter for 32-bit Windows: Version 9.2.0.1.0 - Production
  Time: 06-3月 -2017 09:01:53
  Tracing not turned on.
  Tns error struct:
    nr err code: 0
    ns main err code: 12564
    TNS-12564: TNS：拒绝连接
    ns secondary err code: 0
    nt main err code: 0
    nt secondary err code: 0
    nt OS err code: 0


***********************************************************************
Fatal NI connect error 12500, connecting to:
 (DESCRIPTION=(ADDRESS=(PROTOCOL=TCP)(HOST=192.168.2.186)(PORT=1521))(CONNECT_DATA=(SERVICE_NAME=ZJLH)(CID=(PROGRAM=c:\704_JH\DataManage\Debug\DataManage.exe)(HOST=GSKENING-CD43FD)(USER=Administrator))))

  VERSION INFORMATION:
	TNS for 32-bit Windows: Version 9.2.0.1.0 - Production
	Windows NT TCP/IP NT Protocol Adapter for 32-bit Windows: Version 9.2.0.1.0 - Production
  Time: 10-3月 -2017 08:53:08
  Tracing not turned on.
  Tns error struct:
    nr err code: 0
    ns main err code: 12564
    TNS-12564: TNS：拒绝连接
    ns secondary err code: 0
    nt main err code: 0
    nt secondary err code: 0
    nt OS err code: 0


***********************************************************************
Fatal NI connect error 12500, connecting to:
 (DESCRIPTION=(ADDRESS=(PROTOCOL=TCP)(HOST=192.168.2.186)(PORT=1521))(CONNECT_DATA=(SERVICE_NAME=ZJLH)(CID=(PROGRAM=c:\704_JH\DataManage\Debug\DataManage.exe)(HOST=GSKENING-CD43FD)(USER=Administrator))))

  VERSION INFORMATION:
	TNS for 32-bit Windows: Version 9.2.0.1.0 - Production
	Windows NT TCP/IP NT Protocol Adapter for 32-bit Windows: Version 9.2.0.1.0 - Production
  Time: 17-3月 -2017 11:01:25
  Tracing not turned on.
  Tns error struct:
    nr err code: 0
    ns main err code: 12564
    TNS-12564: TNS：拒绝连接
    ns secondary err code: 0
    nt main err code: 0
    nt secondary err code: 0
    nt OS err code: 0
